<?xml version="1.0" encoding="UTF-8"?>
<!-- Generated by org.testng.reporters.JUnitXMLReporter -->
<testsuite ignored="0" hostname="DESKTOP-BEE35AR" failures="2" tests="2" name="CartFlow-0" time="75.12" errors="0" timestamp="2025-02-07T06:29:51 IST">
  <testcase classname="Bizupautomation.testCases.TestCartAndPayment" name="HomeVideoCartFlow" time="21.879">
    <failure type="java.lang.AssertionError" message="Product filter failed org.openqa.selenium.NoSuchElementException: Can&amp;apos;t locate an element by this strategy: By.chained({AppiumBy.id: com.sot.bizup.debug:id/mtMore})">
      <![CDATA[java.lang.AssertionError: Product filter failed org.openqa.selenium.NoSuchElementException: Can't locate an element by this strategy: By.chained({AppiumBy.id: com.sot.bizup.debug:id/mtMore})
at buyer.pageObjects.HomePage.ProductSelect(HomePage.java:163)
at Bizupautomation.testCases.TestCartAndPayment.HomeVideoCartFlow(TestCartAndPayment.java:21)
at java.base/java.util.ArrayList.forEach(ArrayList.java:1596)
at java.base/java.util.concurrent.FutureTask.run(FutureTask.java:317)
at java.base/java.util.concurrent.ThreadPoolExecutor.runWorker(ThreadPoolExecutor.java:1144)
at java.base/java.util.concurrent.ThreadPoolExecutor$Worker.run(ThreadPoolExecutor.java:642)
at java.base/java.lang.Thread.run(Thread.java:1583)
... Removed 16 stack frames]]>
    </failure>
  </testcase> <!-- HomeVideoCartFlow -->
  <testcase classname="Bizupautomation.testCases.TestCartAndPayment" name="SearchCartFlow" time="22.305">
    <failure type="java.lang.AssertionError" message="Product searched failedorg.openqa.selenium.NoSuchElementException: Can&amp;apos;t locate an element by this strategy: By.chained({By.xpath: //android.widget.Button[@resource-id=&amp;quot;com.sot.bizup.debug:id/mbSearch&amp;quot;]})">
      <![CDATA[java.lang.AssertionError: Product searched failedorg.openqa.selenium.NoSuchElementException: Can't locate an element by this strategy: By.chained({By.xpath: //android.widget.Button[@resource-id="com.sot.bizup.debug:id/mbSearch"]})
at buyer.pageObjects.SearchPage.SearchProduct(SearchPage.java:69)
at Bizupautomation.testCases.TestCartAndPayment.SearchCartFlow(TestCartAndPayment.java:48)
at java.base/java.util.ArrayList.forEach(ArrayList.java:1596)
at java.base/java.util.concurrent.FutureTask.run(FutureTask.java:317)
at java.base/java.util.concurrent.ThreadPoolExecutor.runWorker(ThreadPoolExecutor.java:1144)
at java.base/java.util.concurrent.ThreadPoolExecutor$Worker.run(ThreadPoolExecutor.java:642)
at java.base/java.lang.Thread.run(Thread.java:1583)
... Removed 16 stack frames]]>
    </failure>
  </testcase> <!-- SearchCartFlow -->
</testsuite> <!-- CartFlow-0 -->
