<?xml version="1.0" encoding="UTF-8"?>
<!-- Generated by org.testng.reporters.JUnitXMLReporter -->
<testsuite ignored="0" hostname="DESKTOP-BEE35AR" failures="2" tests="2" name="CartAndPaymentFlow" time="23.973" errors="0" timestamp="2025-01-27T15:00:06 IST">
  <testcase classname="Bizupautomation.testCases.TestCartAndPayment" name="HomeVideoCartFlow" time="8.393">
    <failure type="java.lang.AssertionError" message="Product filter failed org.openqa.selenium.NoSuchSessionException: The session identified by 51af97a2-081d-4ed5-9b7f-6f5ae1977ca3 is not known
Build info: version: &amp;apos;4.28.1&amp;apos;, revision: &amp;apos;73f5ad48a2&amp;apos;
System info: os.name: &amp;apos;Windows 10&amp;apos;, os.arch: &amp;apos;amd64&amp;apos;, os.version: &amp;apos;10.0&amp;apos;, java.version: &amp;apos;21.0.3&amp;apos;
Driver info: io.appium.java_client.android.AndroidDriver
Command: [90b154c7-119c-46be-b881-2096b0a31893, findElement {value=com.sot.bizup.debug:id/mbCategory, using=id}]
Capabilities {appium:automationName: UIAutomator2, appium:databaseEnabled: false, appium:desired: {automationName: UIAutomator2, deviceName: &amp;quot;samsung SM-E146B&amp;quot;;, platformName: ANDROID}, appium:deviceApiLevel: 34, appium:deviceManufacturer: samsung, appium:deviceModel: SM-E146B, appium:deviceName: RZCW92L7VQW, appium:deviceScreenDensity: 450, appium:deviceScreenSize: 1080x2408, appium:deviceUDID: RZCW92L7VQW, appium:javascriptEnabled: true, appium:locationContextEnabled: false, appium:networkConnectionEnabled: true, appium:pixelRatio: 2.8125, appium:platformVersion: 14, appium:statBarHeight: 64, appium:takesScreenshot: true, appium:viewportRect: {height: 2344, left: 0, top: 64, width: 1080}, appium:warnings: {}, appium:webStorageEnabled: false, platformName: ANDROID}
Session ID: 90b154c7-119c-46be-b881-2096b0a31893">
      <![CDATA[java.lang.AssertionError: Product filter failed org.openqa.selenium.NoSuchSessionException: The session identified by 51af97a2-081d-4ed5-9b7f-6f5ae1977ca3 is not known
Build info: version: '4.28.1', revision: '73f5ad48a2'
System info: os.name: 'Windows 10', os.arch: 'amd64', os.version: '10.0', java.version: '21.0.3'
Driver info: io.appium.java_client.android.AndroidDriver
Command: [90b154c7-119c-46be-b881-2096b0a31893, findElement {value=com.sot.bizup.debug:id/mbCategory, using=id}]
Capabilities {appium:automationName: UIAutomator2, appium:databaseEnabled: false, appium:desired: {automationName: UIAutomator2, deviceName: "samsung SM-E146B";, platformName: ANDROID}, appium:deviceApiLevel: 34, appium:deviceManufacturer: samsung, appium:deviceModel: SM-E146B, appium:deviceName: RZCW92L7VQW, appium:deviceScreenDensity: 450, appium:deviceScreenSize: 1080x2408, appium:deviceUDID: RZCW92L7VQW, appium:javascriptEnabled: true, appium:locationContextEnabled: false, appium:networkConnectionEnabled: true, appium:pixelRatio: 2.8125, appium:platformVersion: 14, appium:statBarHeight: 64, appium:takesScreenshot: true, appium:viewportRect: {height: 2344, left: 0, top: 64, width: 1080}, appium:warnings: {}, appium:webStorageEnabled: false, platformName: ANDROID}
Session ID: 90b154c7-119c-46be-b881-2096b0a31893
at buyer.pageObjects.HomePage.ProductSelect(HomePage.java:138)
at Bizupautomation.testCases.TestCartAndPayment.HomeVideoCartFlow(TestCartAndPayment.java:21)
at java.base/java.util.ArrayList.forEach(ArrayList.java:1596)
... Removed 26 stack frames]]>
    </failure>
  </testcase> <!-- HomeVideoCartFlow -->
  <testcase classname="Bizupautomation.testCases.TestCartAndPayment" name="SearchCartFlow" time="9.559">
    <failure type="java.lang.AssertionError" message="Product searched failedorg.openqa.selenium.NoSuchSessionException: The session identified by 51af97a2-081d-4ed5-9b7f-6f5ae1977ca3 is not known
Build info: version: &amp;apos;4.28.1&amp;apos;, revision: &amp;apos;73f5ad48a2&amp;apos;
System info: os.name: &amp;apos;Windows 10&amp;apos;, os.arch: &amp;apos;amd64&amp;apos;, os.version: &amp;apos;10.0&amp;apos;, java.version: &amp;apos;21.0.3&amp;apos;
Driver info: io.appium.java_client.android.AndroidDriver
Command: [90b154c7-119c-46be-b881-2096b0a31893, findElement {value=//android.widget.Button[@resource-id=&amp;quot;com.sot.bizup.debug:id/mbSearch&amp;quot;], using=xpath}]
Capabilities {appium:automationName: UIAutomator2, appium:databaseEnabled: false, appium:desired: {automationName: UIAutomator2, deviceName: &amp;quot;samsung SM-E146B&amp;quot;;, platformName: ANDROID}, appium:deviceApiLevel: 34, appium:deviceManufacturer: samsung, appium:deviceModel: SM-E146B, appium:deviceName: RZCW92L7VQW, appium:deviceScreenDensity: 450, appium:deviceScreenSize: 1080x2408, appium:deviceUDID: RZCW92L7VQW, appium:javascriptEnabled: true, appium:locationContextEnabled: false, appium:networkConnectionEnabled: true, appium:pixelRatio: 2.8125, appium:platformVersion: 14, appium:statBarHeight: 64, appium:takesScreenshot: true, appium:viewportRect: {height: 2344, left: 0, top: 64, width: 1080}, appium:warnings: {}, appium:webStorageEnabled: false, platformName: ANDROID}
Session ID: 90b154c7-119c-46be-b881-2096b0a31893">
      <![CDATA[java.lang.AssertionError: Product searched failedorg.openqa.selenium.NoSuchSessionException: The session identified by 51af97a2-081d-4ed5-9b7f-6f5ae1977ca3 is not known
Build info: version: '4.28.1', revision: '73f5ad48a2'
System info: os.name: 'Windows 10', os.arch: 'amd64', os.version: '10.0', java.version: '21.0.3'
Driver info: io.appium.java_client.android.AndroidDriver
Command: [90b154c7-119c-46be-b881-2096b0a31893, findElement {value=//android.widget.Button[@resource-id="com.sot.bizup.debug:id/mbSearch"], using=xpath}]
Capabilities {appium:automationName: UIAutomator2, appium:databaseEnabled: false, appium:desired: {automationName: UIAutomator2, deviceName: "samsung SM-E146B";, platformName: ANDROID}, appium:deviceApiLevel: 34, appium:deviceManufacturer: samsung, appium:deviceModel: SM-E146B, appium:deviceName: RZCW92L7VQW, appium:deviceScreenDensity: 450, appium:deviceScreenSize: 1080x2408, appium:deviceUDID: RZCW92L7VQW, appium:javascriptEnabled: true, appium:locationContextEnabled: false, appium:networkConnectionEnabled: true, appium:pixelRatio: 2.8125, appium:platformVersion: 14, appium:statBarHeight: 64, appium:takesScreenshot: true, appium:viewportRect: {height: 2344, left: 0, top: 64, width: 1080}, appium:warnings: {}, appium:webStorageEnabled: false, platformName: ANDROID}
Session ID: 90b154c7-119c-46be-b881-2096b0a31893
at buyer.pageObjects.SearchPage.SearchProduct(SearchPage.java:69)
at Bizupautomation.testCases.TestCartAndPayment.SearchCartFlow(TestCartAndPayment.java:48)
at java.base/java.util.ArrayList.forEach(ArrayList.java:1596)
... Removed 26 stack frames]]>
    </failure>
  </testcase> <!-- SearchCartFlow -->
</testsuite> <!-- CartAndPaymentFlow -->
