<?xml version="1.0" encoding="UTF-8"?>
<!-- Generated by org.testng.reporters.JUnitXMLReporter -->
<testsuite ignored="0" hostname="DESKTOP-BEE35AR" failures="0" tests="3" name="EnquiryFlow" time="401.209" errors="0" timestamp="2024-05-17T11:13:18 IST">
  <testcase classname="Bizupautomation.bizup.EnquiryFlows" name="EnquiryTabFlow" time="92.861"/>
  <testcase classname="Bizupautomation.bizup.EnquiryFlows" name="EnquiryVideoFlow" time="147.533"/>
  <testcase classname="Bizupautomation.bizup.EnquiryFlows" name="SearchEnquiryFlow" time="135.278"/>
</testsuite> <!-- EnquiryFlow -->
