<?xml version="1.0" encoding="UTF-8"?>
<!-- Generated by org.testng.reporters.JUnitXMLReporter -->
<testsuite ignored="0" hostname="DESKTOP-BEE35AR" failures="1" tests="1" name="EnquiryFlows" time="16.183" errors="0" timestamp="2025-01-27T14:59:42 IST">
  <testcase classname="Bizupautomation.testCases.TestEnquiry" name="SearchEnquiryFlow" time="5.883">
    <failure type="java.lang.AssertionError" message="Product searched failedorg.openqa.selenium.NoSuchSessionException: The session identified by 646f9ca3-bcde-41fd-a0c0-00c058e6cac7 is not known
Build info: version: &amp;apos;4.28.1&amp;apos;, revision: &amp;apos;73f5ad48a2&amp;apos;
System info: os.name: &amp;apos;Windows 10&amp;apos;, os.arch: &amp;apos;amd64&amp;apos;, os.version: &amp;apos;10.0&amp;apos;, java.version: &amp;apos;21.0.3&amp;apos;
Driver info: io.appium.java_client.android.AndroidDriver
Command: [758e2598-97b3-4857-90d9-b19946075e76, findElement {value=//android.widget.Button[@resource-id=&amp;quot;com.sot.bizup.debug:id/mbSearch&amp;quot;], using=xpath}]
Capabilities {appium:automationName: UIAutomator2, appium:databaseEnabled: false, appium:desired: {automationName: UIAutomator2, deviceName: &amp;quot;samsung SM-E146B&amp;quot;;, platformName: ANDROID}, appium:deviceApiLevel: 34, appium:deviceManufacturer: samsung, appium:deviceModel: SM-E146B, appium:deviceName: RZCW92L7VQW, appium:deviceScreenDensity: 450, appium:deviceScreenSize: 1080x2408, appium:deviceUDID: RZCW92L7VQW, appium:javascriptEnabled: true, appium:locationContextEnabled: false, appium:networkConnectionEnabled: true, appium:pixelRatio: 2.8125, appium:platformVersion: 14, appium:statBarHeight: 64, appium:takesScreenshot: true, appium:viewportRect: {height: 2344, left: 0, top: 64, width: 1080}, appium:warnings: {}, appium:webStorageEnabled: false, platformName: ANDROID}
Session ID: 758e2598-97b3-4857-90d9-b19946075e76">
      <![CDATA[java.lang.AssertionError: Product searched failedorg.openqa.selenium.NoSuchSessionException: The session identified by 646f9ca3-bcde-41fd-a0c0-00c058e6cac7 is not known
Build info: version: '4.28.1', revision: '73f5ad48a2'
System info: os.name: 'Windows 10', os.arch: 'amd64', os.version: '10.0', java.version: '21.0.3'
Driver info: io.appium.java_client.android.AndroidDriver
Command: [758e2598-97b3-4857-90d9-b19946075e76, findElement {value=//android.widget.Button[@resource-id="com.sot.bizup.debug:id/mbSearch"], using=xpath}]
Capabilities {appium:automationName: UIAutomator2, appium:databaseEnabled: false, appium:desired: {automationName: UIAutomator2, deviceName: "samsung SM-E146B";, platformName: ANDROID}, appium:deviceApiLevel: 34, appium:deviceManufacturer: samsung, appium:deviceModel: SM-E146B, appium:deviceName: RZCW92L7VQW, appium:deviceScreenDensity: 450, appium:deviceScreenSize: 1080x2408, appium:deviceUDID: RZCW92L7VQW, appium:javascriptEnabled: true, appium:locationContextEnabled: false, appium:networkConnectionEnabled: true, appium:pixelRatio: 2.8125, appium:platformVersion: 14, appium:statBarHeight: 64, appium:takesScreenshot: true, appium:viewportRect: {height: 2344, left: 0, top: 64, width: 1080}, appium:warnings: {}, appium:webStorageEnabled: false, platformName: ANDROID}
Session ID: 758e2598-97b3-4857-90d9-b19946075e76
at buyer.pageObjects.SearchPage.SearchProduct(SearchPage.java:69)
at Bizupautomation.testCases.TestEnquiry.SearchEnquiryFlow(TestEnquiry.java:23)
at java.base/java.util.ArrayList.forEach(ArrayList.java:1596)
... Removed 26 stack frames]]>
    </failure>
  </testcase> <!-- SearchEnquiryFlow -->
</testsuite> <!-- EnquiryFlows -->
