<?xml version="1.0" encoding="UTF-8"?>
<!-- Generated by org.testng.reporters.JUnitXMLReporter -->
<testsuite ignored="0" hostname="DESKTOP-BEE35AR" failures="1" tests="1" name="EnquiryFlow-0" time="54.644" errors="0" timestamp="2025-02-07T06:30:52 IST">
  <testcase classname="Bizupautomation.testCases.TestEnquiry" name="SearchEnquiryFlow" time="22.548">
    <failure type="java.lang.AssertionError" message="Product searched failedorg.openqa.selenium.NoSuchElementException: Can&amp;apos;t locate an element by this strategy: By.chained({By.xpath: //android.widget.Button[@resource-id=&amp;quot;com.sot.bizup.debug:id/mbSearch&amp;quot;]})">
      <![CDATA[java.lang.AssertionError: Product searched failedorg.openqa.selenium.NoSuchElementException: Can't locate an element by this strategy: By.chained({By.xpath: //android.widget.Button[@resource-id="com.sot.bizup.debug:id/mbSearch"]})
at buyer.pageObjects.SearchPage.SearchProduct(SearchPage.java:69)
at Bizupautomation.testCases.TestEnquiry.SearchEnquiryFlow(TestEnquiry.java:23)
at java.base/java.util.ArrayList.forEach(ArrayList.java:1596)
at java.base/java.util.concurrent.FutureTask.run(FutureTask.java:317)
at java.base/java.util.concurrent.ThreadPoolExecutor.runWorker(ThreadPoolExecutor.java:1144)
at java.base/java.util.concurrent.ThreadPoolExecutor$Worker.run(ThreadPoolExecutor.java:642)
at java.base/java.lang.Thread.run(Thread.java:1583)
... Removed 16 stack frames]]>
    </failure>
  </testcase> <!-- SearchEnquiryFlow -->
</testsuite> <!-- EnquiryFlow-0 -->
