<?xml version="1.0" encoding="UTF-8"?>
<!-- Generated by org.testng.reporters.JUnitXMLReporter -->
<testsuite ignored="0" hostname="DESKTOP-BEE35AR" failures="1" tests="1" name="InstallAndLogin" time="26.364" errors="0" timestamp="2025-03-11T01:24:55 IST">
  <testcase classname="Bizupautomation.testCases.SeperateFile.TestInstallAndLogin" name="LoginFlow" time="18.797">
    <failure type="java.lang.AssertionError" message="Language selection failed">
      <![CDATA[java.lang.AssertionError: Language selection failed
at buyer.pageObjects.LoginPage.SelectLanguage(LoginPage.java:78)
at Bizupautomation.testCases.SeperateFile.TestInstallAndLogin.LoginFlow(TestInstallAndLogin.java:23)
at java.base/java.util.ArrayList.forEach(ArrayList.java:1596)
Caused by: org.openqa.selenium.NoSuchSessionException: The session identified by 8b013075-beec-4c17-9cd2-3c46d2b2378b is not known
Build info: version: '4.29.0', revision: '5fc1ec94cb'
System info: os.name: 'Windows 10', os.arch: 'amd64', os.version: '10.0', java.version: '21.0.3'
Driver info: io.appium.java_client.android.AndroidDriver
Command: [05f7450c-6439-45e9-91cd-fe2cf2d80f9a, findElements {using=id, value=com.sot.bizup:id/tvChooseLanguage}]
Capabilities {appium:automationName: UIAutomator2, appium:databaseEnabled: false, appium:desired: {automationName: UIAutomator2, deviceName: "samsung SM-E146B";, platformName: ANDROID}, appium:deviceApiLevel: 34, appium:deviceManufacturer: samsung, appium:deviceModel: SM-E146B, appium:deviceName: RZCW92L7VQW, appium:deviceScreenDensity: 450, appium:deviceScreenSize: 1080x2408, appium:deviceUDID: RZCW92L7VQW, appium:javascriptEnabled: true, appium:locationContextEnabled: false, appium:networkConnectionEnabled: true, appium:pixelRatio: 2.8125, appium:platformVersion: 14, appium:statBarHeight: 64, appium:takesScreenshot: true, appium:viewportRect: {height: 2344, left: 0, top: 64, width: 1080}, appium:warnings: {}, appium:webStorageEnabled: false, platformName: ANDROID}
Session ID: 05f7450c-6439-45e9-91cd-fe2cf2d80f9a
at org.openqa.selenium.remote.ErrorCodec.decode(ErrorCodec.java:167)
at org.openqa.selenium.remote.codec.w3c.W3CHttpResponseCodec.decode(W3CHttpResponseCodec.java:138)
at org.openqa.selenium.remote.codec.w3c.W3CHttpResponseCodec.decode(W3CHttpResponseCodec.java:50)
at org.openqa.selenium.remote.HttpCommandExecutor.execute(HttpCommandExecutor.java:215)
at io.appium.java_client.remote.AppiumCommandExecutor.execute(AppiumCommandExecutor.java:237)
at org.openqa.selenium.remote.RemoteWebDriver.execute(RemoteWebDriver.java:545)
at org.openqa.selenium.remote.ElementLocation$ElementFinder$2.findElements(ElementLocation.java:182)
at org.openqa.selenium.remote.ElementLocation.findElements(ElementLocation.java:110)
at org.openqa.selenium.remote.RemoteWebDriver.findElements(RemoteWebDriver.java:381)
at org.openqa.selenium.remote.RemoteWebDriver.findElements(RemoteWebDriver.java:375)
at buyer.pageObjects.LoginPage.SelectLanguage(LoginPage.java:68)
... 27 more
... Removed 29 stack frames]]>
    </failure>
  </testcase> <!-- LoginFlow -->
</testsuite> <!-- InstallAndLogin -->
