<?xml version="1.0" encoding="UTF-8"?>
<!-- Generated by org.testng.reporters.JUnitXMLReporter -->
<testsuite ignored="0" hostname="DESKTOP-BEE35AR" failures="1" tests="1" name="LastCatalog" time="42.844" errors="0" timestamp="2024-05-24T11:11:42 IST">
  <testcase classname="Bizupautomation.testCases.LastCatalog" name="LastCatalogFlow" time="25.605">
    <failure type="org.openqa.selenium.NoSuchElementException" message="An element could not be located on the page using the given search parameters.
For documentation on this error, please visit: https://www.selenium.dev/documentation/webdriver/troubleshooting/errors#no-such-element-exception
Build info: version: &amp;apos;4.21.0&amp;apos;, revision: &amp;apos;79ed462ef4&amp;apos;
System info: os.name: &amp;apos;Windows 10&amp;apos;, os.arch: &amp;apos;amd64&amp;apos;, os.version: &amp;apos;10.0&amp;apos;, java.version: &amp;apos;21.0.3&amp;apos;
Driver info: io.appium.java_client.android.AndroidDriver
Command: [6e2ceb6c-8afb-4d05-9202-4d85f89b9ca3, findElement {using=xpath, value=(//android.widget.Button[@resource-id=&amp;quot;com.sot.bizup.debug:id/mbShortlist&amp;quot;])[1]}]
Capabilities {appium:automationName: UIAutomator2, appium:databaseEnabled: false, appium:desired: {automationName: UIAutomator2, deviceName: &amp;quot;samsung SM-E146B&amp;quot;;, platformName: ANDROID}, appium:deviceApiLevel: 34, appium:deviceManufacturer: samsung, appium:deviceModel: SM-E146B, appium:deviceName: RZCW92L7VQW, appium:deviceScreenDensity: 450, appium:deviceScreenSize: 1080x2408, appium:deviceUDID: RZCW92L7VQW, appium:javascriptEnabled: true, appium:locationContextEnabled: false, appium:networkConnectionEnabled: true, appium:pixelRatio: 2.8125, appium:platformVersion: 14, appium:statBarHeight: 64, appium:takesScreenshot: true, appium:viewportRect: {height: 2344, left: 0, top: 64, width: 1080}, appium:warnings: {}, appium:webStorageEnabled: false, platformName: ANDROID}
Session ID: 6e2ceb6c-8afb-4d05-9202-4d85f89b9ca3">
      <![CDATA[org.openqa.selenium.NoSuchElementException: An element could not be located on the page using the given search parameters.
For documentation on this error, please visit: https://www.selenium.dev/documentation/webdriver/troubleshooting/errors#no-such-element-exception
Build info: version: '4.21.0', revision: '79ed462ef4'
System info: os.name: 'Windows 10', os.arch: 'amd64', os.version: '10.0', java.version: '21.0.3'
Driver info: io.appium.java_client.android.AndroidDriver
Command: [6e2ceb6c-8afb-4d05-9202-4d85f89b9ca3, findElement {using=xpath, value=(//android.widget.Button[@resource-id="com.sot.bizup.debug:id/mbShortlist"])[1]}]
Capabilities {appium:automationName: UIAutomator2, appium:databaseEnabled: false, appium:desired: {automationName: UIAutomator2, deviceName: "samsung SM-E146B";, platformName: ANDROID}, appium:deviceApiLevel: 34, appium:deviceManufacturer: samsung, appium:deviceModel: SM-E146B, appium:deviceName: RZCW92L7VQW, appium:deviceScreenDensity: 450, appium:deviceScreenSize: 1080x2408, appium:deviceUDID: RZCW92L7VQW, appium:javascriptEnabled: true, appium:locationContextEnabled: false, appium:networkConnectionEnabled: true, appium:pixelRatio: 2.8125, appium:platformVersion: 14, appium:statBarHeight: 64, appium:takesScreenshot: true, appium:viewportRect: {height: 2344, left: 0, top: 64, width: 1080}, appium:warnings: {}, appium:webStorageEnabled: false, platformName: ANDROID}
Session ID: 6e2ceb6c-8afb-4d05-9202-4d85f89b9ca3
at org.openqa.selenium.remote.ErrorCodec.decode(ErrorCodec.java:167)
at org.openqa.selenium.remote.codec.w3c.W3CHttpResponseCodec.decode(W3CHttpResponseCodec.java:138)
at org.openqa.selenium.remote.codec.w3c.W3CHttpResponseCodec.decode(W3CHttpResponseCodec.java:50)
at org.openqa.selenium.remote.HttpCommandExecutor.execute(HttpCommandExecutor.java:190)
at io.appium.java_client.remote.AppiumCommandExecutor.execute(AppiumCommandExecutor.java:237)
at org.openqa.selenium.remote.RemoteWebDriver.execute(RemoteWebDriver.java:518)
at org.openqa.selenium.remote.ElementLocation$ElementFinder$2.findElement(ElementLocation.java:165)
at org.openqa.selenium.remote.ElementLocation.findElement(ElementLocation.java:59)
at org.openqa.selenium.remote.RemoteWebDriver.findElement(RemoteWebDriver.java:355)
at org.openqa.selenium.remote.RemoteWebDriver.findElement(RemoteWebDriver.java:349)
at buyer.pageObjects.Android.SellerPageObj.CatalogSelect(SellerPageObj.java:124)
at Bizupautomation.testCases.LastCatalog.LastCatalogFlow(LastCatalog.java:24)
at java.base/java.util.ArrayList.forEach(ArrayList.java:1596)
... Removed 28 stack frames]]>
    </failure>
  </testcase> <!-- LastCatalogFlow -->
</testsuite> <!-- LastCatalog -->
