<?xml version="1.0" encoding="UTF-8"?>
<!-- Generated by org.testng.reporters.JUnitXMLReporter -->
<testsuite ignored="0" hostname="DESKTOP-BEE35AR" failures="0" tests="2" name="RegressionTest151" time="21.881" errors="0" timestamp="2025-03-10T12:31:16 IST">
  <testcase classname="Bizupautomation.testUtils.Base" name="@BeforeClass ConfigureAppium" time="21.773">
    <failure type="org.openqa.selenium.SessionNotCreatedException" message="Could not start a new session. Response code 500. Message: An unknown server-side error occurred while processing the command. Original error: Could not find a connected Android device in 20000ms 
Host info: host: &amp;apos;DESKTOP-BEE35AR&amp;apos;, ip: &amp;apos;192.168.48.1&amp;apos;
Build info: version: &amp;apos;4.29.0&amp;apos;, revision: &amp;apos;5fc1ec94cb&amp;apos;
System info: os.name: &amp;apos;Windows 10&amp;apos;, os.arch: &amp;apos;amd64&amp;apos;, os.version: &amp;apos;10.0&amp;apos;, java.version: &amp;apos;21.0.3&amp;apos;
Driver info: io.appium.java_client.android.AndroidDriver
Command: [null, newSession {capabilities=[Capabilities {appium:automationName: UIAutomator2, appium:deviceName: &amp;quot;samsung SM-E146B&amp;quot;;, platformName: ANDROID}]}]
Capabilities {appium:automationName: UIAutomator2, appium:deviceName: &amp;quot;samsung SM-E146B&amp;quot;;, platformName: ANDROID}">
      <![CDATA[org.openqa.selenium.SessionNotCreatedException: Could not start a new session. Response code 500. Message: An unknown server-side error occurred while processing the command. Original error: Could not find a connected Android device in 20000ms 
Host info: host: 'DESKTOP-BEE35AR', ip: '192.168.48.1'
Build info: version: '4.29.0', revision: '5fc1ec94cb'
System info: os.name: 'Windows 10', os.arch: 'amd64', os.version: '10.0', java.version: '21.0.3'
Driver info: io.appium.java_client.android.AndroidDriver
Command: [null, newSession {capabilities=[Capabilities {appium:automationName: UIAutomator2, appium:deviceName: "samsung SM-E146B";, platformName: ANDROID}]}]
Capabilities {appium:automationName: UIAutomator2, appium:deviceName: "samsung SM-E146B";, platformName: ANDROID}
at org.openqa.selenium.remote.ProtocolHandshake.createSession(ProtocolHandshake.java:114)
at org.openqa.selenium.remote.ProtocolHandshake.createSession(ProtocolHandshake.java:75)
at org.openqa.selenium.remote.ProtocolHandshake.createSession(ProtocolHandshake.java:61)
at io.appium.java_client.remote.AppiumCommandExecutor.createSession(AppiumCommandExecutor.java:176)
at io.appium.java_client.remote.AppiumCommandExecutor.execute(AppiumCommandExecutor.java:237)
at org.openqa.selenium.remote.RemoteWebDriver.execute(RemoteWebDriver.java:545)
at io.appium.java_client.AppiumDriver.startSession(AppiumDriver.java:270)
at org.openqa.selenium.remote.RemoteWebDriver.<init>(RemoteWebDriver.java:174)
at io.appium.java_client.AppiumDriver.<init>(AppiumDriver.java:91)
at io.appium.java_client.AppiumDriver.<init>(AppiumDriver.java:103)
at io.appium.java_client.android.AndroidDriver.<init>(AndroidDriver.java:109)
at Bizupautomation.testUtils.Base.ConfigureAppium(Base.java:154)
at java.base/java.util.ArrayList.forEach(ArrayList.java:1596)
... Removed 23 stack frames]]>
    </failure>
  </testcase> <!-- @BeforeClass ConfigureAppium -->
  <testcase classname="Bizupautomation.testCases.TestRegression151" name="LoginFlow" time="0.0">
    <skipped/>
  </testcase> <!-- LoginFlow -->
  <testcase classname="Bizupautomation.testCases.TestRegression151" name="HomeReset" time="0.0">
    <skipped/>
  </testcase> <!-- HomeReset -->
</testsuite> <!-- RegressionTest151 -->
