<?xml version="1.0" encoding="UTF-8"?>
<!-- Generated by org.testng.reporters.JUnitXMLReporter -->
<testsuite ignored="0" hostname="DESKTOP-BEE35AR" failures="0" tests="2" name="SaveFlow" time="0.06" errors="0" timestamp="2024-12-13T12:53:12 IST">
  <testcase classname="Bizupautomation.testCases.Save" name="DirectionAndSample" time="0.0">
    <skipped/>
  </testcase> <!-- DirectionAndSample -->
  <testcase classname="Bizupautomation.testCases.Save" name="SaveFlow" time="0.0">
    <skipped/>
  </testcase> <!-- SaveFlow -->
</testsuite> <!-- SaveFlow -->
