<?xml version="1.0" encoding="UTF-8"?>
<!-- Generated by org.testng.reporters.JUnitXMLReporter -->
<testsuite ignored="0" hostname="DESKTOP-BEE35AR" failures="2" tests="2" name="SmokeTest-2" time="133.634" errors="0" timestamp="2025-02-06T18:38:45 IST">
  <testcase classname="Bizupautomation.testCases.TestSmoke" name="LoginFlow" time="59.375">
    <failure type="java.lang.RuntimeException" message="Login process failed">
      <![CDATA[java.lang.RuntimeException: Login process failed
at buyer.pageObjects.LoginPage.Login(LoginPage.java:102)
at Bizupautomation.testCases.TestSmoke.LoginFlow(TestSmoke.java:26)
at java.base/java.util.ArrayList.forEach(ArrayList.java:1596)
at java.base/java.util.concurrent.FutureTask.run(FutureTask.java:317)
at java.base/java.util.concurrent.ThreadPoolExecutor.runWorker(ThreadPoolExecutor.java:1144)
at java.base/java.util.concurrent.ThreadPoolExecutor$Worker.run(ThreadPoolExecutor.java:642)
at java.base/java.lang.Thread.run(Thread.java:1583)
Caused by: java.lang.RuntimeException: Mobile number setup failed
at buyer.pageObjects.LoginPage.setMobileNumber(LoginPage.java:50)
at buyer.pageObjects.LoginPage.Login(LoginPage.java:99)
... 21 more
Caused by: org.openqa.selenium.NoSuchElementException: An element could not be located on the page using the given search parameters.
For documentation on this error, please visit: https://www.selenium.dev/documentation/webdriver/troubleshooting/errors#no-such-element-exception
Build info: version: '4.28.1', revision: '73f5ad48a2'
System info: os.name: 'Windows 10', os.arch: 'amd64', os.version: '10.0', java.version: '21.0.3'
Driver info: io.appium.java_client.android.AndroidDriver
Command: [872987ef5f82cf88edf00d86731b1b4bc57dabc6, findElement {using=id, value=com.sot.bizup.debug:id/mtTopAll}]
Capabilities {appium:appActivity: com.bizup.deeplink.Deeplink..., appium:appPackage: com.sot.bizup.debug, appium:automationName: uiautomator2, appium:bundleID: com.sot.bizup.debug, appium:bundleId: com.sot.bizup.debug, appium:chromedriverPort: 18083, appium:chromedriverPorts: [[18133, 18143]], appium:databaseEnabled: false, appium:desired: {appActivity: com.bizup.deeplink.Deeplink..., appPackage: com.sot.bizup.debug, automationName: uiautomator2, bstack:options: {buildIdentifier: #2, hostName: DESKTOP-BEE35AR, localIdentifier: 06_Feb_1835_DESKTOP_BEE35AR...}, bundleID: com.sot.bizup.debug, bundleId: com.sot.bizup.debug, chromedriverPort: 18083, chromedriverPorts: [[18133, 18143]], deviceName: "samsung sm-e146b";, disableSuppressAccessibilityService: true, goog:chromeOptions: {}, nativeWebScreenshot: true, newCommandTimeout: 0, platformName: Android, skipServerInstallation: true, systemPort: 8203, udid: 25161FDEE0011V}, appium:deviceApiLevel: 31, appium:deviceManufacturer: Google, appium:deviceModel: Pixel 6 Pro, appium:deviceName: 25161FDEE0011V, appium:deviceScreenDensity: 560, appium:deviceScreenSize: 1440x3120, appium:deviceUDID: 25161FDEE0011V, appium:disableSuppressAccessibilityService: true, appium:javascriptEnabled: true, appium:locationContextEnabled: false, appium:nativeWebScreenshot: true, appium:networkConnectionEnabled: true, appium:newCommandTimeout: 0, appium:optimalHubUrl: hub-euw.browserstack.com, appium:pixelRatio: 3.5, appium:platformVersion: 12, appium:skipServerInstallation: true, appium:statBarHeight: 145, appium:systemPort: 8203, appium:takesScreenshot: true, appium:udid: 25161FDEE0011V, appium:viewportRect: {height: 2789, left: 0, top: 145, width: 1440}, appium:warnings: {}, appium:webStorageEnabled: false, bstack:options: {buildIdentifier: #2, hostName: DESKTOP-BEE35AR, localIdentifier: 06_Feb_1835_DESKTOP_BEE35AR...}, goog:chromeOptions: {}, platformName: ANDROID}
Session ID: 872987ef5f82cf88edf00d86731b1b4bc57dabc6
at org.openqa.selenium.remote.ErrorCodec.decode(ErrorCodec.java:167)
at org.openqa.selenium.remote.codec.w3c.W3CHttpResponseCodec.decode(W3CHttpResponseCodec.java:138)
at org.openqa.selenium.remote.codec.w3c.W3CHttpResponseCodec.decode(W3CHttpResponseCodec.java:50)
at org.openqa.selenium.remote.HttpCommandExecutor.execute(HttpCommandExecutor.java:215)
at io.appium.java_client.remote.AppiumCommandExecutor.execute(AppiumCommandExecutor.java:237)
at org.openqa.selenium.remote.RemoteWebDriver.execute(RemoteWebDriver.java:545)
at org.openqa.selenium.remote.ElementLocation$ElementFinder$2.findElement(ElementLocation.java:165)
at org.openqa.selenium.remote.ElementLocation.findElement(ElementLocation.java:59)
at org.openqa.selenium.remote.RemoteWebDriver.findElement(RemoteWebDriver.java:368)
at org.openqa.selenium.remote.RemoteWebDriver.findElement(RemoteWebDriver.java:362)
at buyer.utils.AndroidUtils.HomeWait(AndroidUtils.java:110)
at buyer.pageObjects.LoginPage.setMobileNumber(LoginPage.java:46)
... 22 more
... Removed 18 stack frames]]>
    </failure>
  </testcase> <!-- LoginFlow -->
  <testcase classname="Bizupautomation.testCases.TestSmoke" name="HomeVideoCartFlow" time="20.101">
    <failure type="java.lang.AssertionError" message="Product filter failed org.openqa.selenium.NoSuchElementException: Can&amp;apos;t locate an element by this strategy: By.chained({AppiumBy.id: com.sot.bizup.debug:id/mtMore})">
      <![CDATA[java.lang.AssertionError: Product filter failed org.openqa.selenium.NoSuchElementException: Can't locate an element by this strategy: By.chained({AppiumBy.id: com.sot.bizup.debug:id/mtMore})
at buyer.pageObjects.HomePage.ProductSelect(HomePage.java:156)
at Bizupautomation.testCases.TestSmoke.HomeVideoCartFlow(TestSmoke.java:42)
at java.base/java.util.ArrayList.forEach(ArrayList.java:1596)
at java.base/java.util.concurrent.FutureTask.run(FutureTask.java:317)
at java.base/java.util.concurrent.ThreadPoolExecutor.runWorker(ThreadPoolExecutor.java:1144)
at java.base/java.util.concurrent.ThreadPoolExecutor$Worker.run(ThreadPoolExecutor.java:642)
at java.base/java.lang.Thread.run(Thread.java:1583)
... Removed 16 stack frames]]>
    </failure>
  </testcase> <!-- HomeVideoCartFlow -->
</testsuite> <!-- SmokeTest-2 -->
