<?xml version="1.0" encoding="UTF-8"?>
<!-- Generated by org.testng.reporters.JUnitXMLReporter -->
<testsuite ignored="0" hostname="DESKTOP-BEE35AR" failures="0" tests="4" name="SmokeTest" time="225.542" errors="0" timestamp="2025-02-06T12:54:19 IST">
  <testcase classname="Bizupautomation.testCases.TestSmoke" name="LoginFlow" time="48.43"/>
  <testcase classname="Bizupautomation.testCases.TestSmoke" name="HomeVideoCartFlow" time="34.092"/>
  <testcase classname="Bizupautomation.testCases.TestSmoke" name="SearchCartFlow" time="68.239"/>
  <testcase classname="Bizupautomation.testCases.TestSmoke" name="SearchEnquiryFlow" time="66.981"/>
</testsuite> <!-- SmokeTest -->
