<?xml version="1.0" encoding="UTF-8"?>
<!-- Generated by org.testng.reporters.JUnitXMLReporter -->
<testsuite ignored="0" hostname="DESKTOP-BEE35AR" failures="1" tests="4" name="SmokeTest-0" time="299.662" errors="0" timestamp="2025-02-06T19:44:27 IST">
  <testcase classname="Bizupautomation.testCases.TestSmoke" name="LoginFlow" time="48.944"/>
  <testcase classname="Bizupautomation.testCases.TestSmoke" name="HomeVideoCartFlow" time="65.021"/>
  <testcase classname="Bizupautomation.testCases.TestSmoke" name="SearchCartFlow" time="130.499"/>
  <testcase classname="Bizupautomation.testCases.TestSmoke" name="SearchEnquiryFlow" time="27.089">
    <failure type="java.lang.AssertionError" message="Seller Card failedorg.openqa.selenium.TimeoutException: Expected condition failed: waiting for value to contain &amp;quot;View Catalog&amp;quot;. (tried for 10 second(s) with 500 milliseconds interval)">
      <![CDATA[java.lang.AssertionError: Seller Card failedorg.openqa.selenium.TimeoutException: Expected condition failed: waiting for value to contain "View Catalog". (tried for 10 second(s) with 500 milliseconds interval)
at buyer.pageObjects.SearchPage.SellerCard(SearchPage.java:145)
at Bizupautomation.testCases.TestSmoke.SearchEnquiryFlow(TestSmoke.java:119)
at java.base/java.util.ArrayList.forEach(ArrayList.java:1596)
at java.base/java.util.concurrent.FutureTask.run(FutureTask.java:317)
at java.base/java.util.concurrent.ThreadPoolExecutor.runWorker(ThreadPoolExecutor.java:1144)
at java.base/java.util.concurrent.ThreadPoolExecutor$Worker.run(ThreadPoolExecutor.java:642)
at java.base/java.lang.Thread.run(Thread.java:1583)
... Removed 16 stack frames]]>
    </failure>
  </testcase> <!-- SearchEnquiryFlow -->
</testsuite> <!-- SmokeTest-0 -->
