<?xml version="1.0" encoding="UTF-8"?>
<!-- Generated by org.testng.reporters.JUnitReportReporter -->
<testsuite hostname="DESKTOP-BEE35AR" failures="0" tests="7" name="Bizupautomation.testCases.TestSanity" time="367.246" errors="0" timestamp="2025-02-06T13:51:51 IST" skipped="0">
  <testcase classname="Bizupautomation.testCases.TestSanity" name="LoginFlow" time="60.584"/>
  <testcase classname="Bizupautomation.testCases.TestSanity" name="HomeReset" time="25.906"/>
  <testcase classname="Bizupautomation.testCases.TestSanity" name="VideoReset" time="42.991"/>
  <testcase classname="Bizupautomation.testCases.TestSanity" name="HomeVideoCartFlow" time="48.321"/>
  <testcase classname="Bizupautomation.testCases.TestSanity" name="SearchCartFlow" time="97.910"/>
  <testcase classname="Bizupautomation.testCases.TestSanity" name="SearchEnquiryFlow" time="62.181"/>
  <testcase classname="Bizupautomation.testCases.TestSanity" name="ProfileFlow" time="29.353"/>
</testsuite> <!-- Bizupautomation.testCases.TestSanity -->
